Arguments: 
  /usr/bin/node /usr/share/yarn/bin/yarn.js

PATH: 
  /usr/local/sbin:/usr/local/bin:/usr/sbin:/usr/bin:/sbin:/bin:/usr/games:/usr/local/games:/snap/bin

Yarn version: 
  1.21.1

Node version: 
  8.10.0

Platform: 
  linux x64

Trace: 
  Error: read ECONNRESET
      at _errnoException (util.js:1022:11)
      at TLSWrap.onread (net.js:628:25)

npm manifest: 
  {
    "name": "web-server",
    "version": "1.0.0",
    "main": "index.js",
    "author": "Frank",
    "license": "MIT",
    "dependencies": {
      "body-parser": "^1.19.0",
      "express": "^4.17.1",
      "multer": "^1.4.2",
      "mysql": "^2.17.1",
      "pm2": "^4.2.1",
      "reflect-metadata": "^0.1.13"
    }
  }

yarn manifest: 
  No manifest

Lockfile: 
  No lockfile
